<?xml version="1.0" encoding="UTF-8"?>
<testng-results ignored="0" total="2" passed="1" failed="1" skipped="0">
  <reporter-output>
  </reporter-output>
  <suite started-at="2018-12-27T19:30:05Z" name="Default suite" finished-at="2018-12-27T19:32:37Z" duration-ms="151452">
    <groups>
    </groups>
    <test started-at="2018-12-27T19:30:05Z" name="Default test" finished-at="2018-12-27T19:32:37Z" duration-ms="151452">
      <class name="test.MainTest">
        <test-method is-config="true" signature="beforeMethod()[pri:0, instance:test.MainTest@38102d01]" started-at="2018-12-27T19:30:06Z" name="beforeMethod" finished-at="2018-12-27T19:30:12Z" duration-ms="5326" status="PASS">
          <reporter-output>
          </reporter-output>
        </test-method> <!-- beforeMethod -->
        <test-method signature="gmailLogin(java.lang.String, java.lang.String, java.lang.String, java.lang.String)[pri:0, instance:test.MainTest@38102d01]" started-at="2018-12-27T19:30:12Z" name="gmailLogin" data-provider="passData" finished-at="2018-12-27T19:31:02Z" duration-ms="50100" status="PASS">
          <params>
            <param index="0">
              <value>
                <![CDATA[qatesterjoe2018]]>
              </value>
            </param>
            <param index="1">
              <value>
                <![CDATA[Qatesterjerin@1]]>
              </value>
            </param>
            <param index="2">
              <value>
                <![CDATA[Test]]>
              </value>
            </param>
            <param index="3">
              <value>
                <![CDATA[Automation]]>
              </value>
            </param>
          </params>
          <reporter-output>
          </reporter-output>
        </test-method> <!-- gmailLogin -->
        <test-method is-config="true" signature="afterMethod()[pri:0, instance:test.MainTest@38102d01]" started-at="2018-12-27T19:31:02Z" name="afterMethod" finished-at="2018-12-27T19:31:02Z" duration-ms="174" status="PASS">
          <reporter-output>
          </reporter-output>
        </test-method> <!-- afterMethod -->
        <test-method is-config="true" signature="beforeMethod()[pri:0, instance:test.MainTest@38102d01]" started-at="2018-12-27T19:31:02Z" name="beforeMethod" finished-at="2018-12-27T19:31:07Z" duration-ms="4470" status="PASS">
          <reporter-output>
          </reporter-output>
        </test-method> <!-- beforeMethod -->
        <test-method signature="gmailLogin(java.lang.String, java.lang.String, java.lang.String, java.lang.String)[pri:0, instance:test.MainTest@38102d01]" started-at="2018-12-27T19:31:07Z" name="gmailLogin" data-provider="passData" finished-at="2018-12-27T19:32:36Z" duration-ms="89989" status="FAIL">
          <params>
            <param index="0">
              <value>
                <![CDATA[qatesterjerin2018]]>
              </value>
            </param>
            <param index="1">
              <value>
                <![CDATA[Qatesterjoe@1]]>
              </value>
            </param>
            <param index="2">
              <value>
                <![CDATA[well]]>
              </value>
            </param>
            <param index="3">
              <value>
                <![CDATA[Good]]>
              </value>
            </param>
          </params>
          <exception class="java.lang.AssertionError">
            <message>
              <![CDATA[Searched word is not available in the subject expected [true] but found [false]]]>
            </message>
            <full-stacktrace>
              <![CDATA[java.lang.AssertionError: Searched word is not available in the subject expected [true] but found [false]
at org.testng.Assert.fail(Assert.java:96)
at org.testng.Assert.failNotEquals(Assert.java:776)
at org.testng.Assert.assertTrue(Assert.java:44)
at test.MainTest.gmailLogin(MainTest.java:49)
at java.base/jdk.internal.reflect.NativeMethodAccessorImpl.invoke0(Native Method)
at java.base/jdk.internal.reflect.NativeMethodAccessorImpl.invoke(NativeMethodAccessorImpl.java:62)
at java.base/jdk.internal.reflect.DelegatingMethodAccessorImpl.invoke(DelegatingMethodAccessorImpl.java:43)
at java.base/java.lang.reflect.Method.invoke(Method.java:566)
at org.testng.internal.MethodInvocationHelper.invokeMethod(MethodInvocationHelper.java:124)
at org.testng.internal.Invoker.invokeMethod(Invoker.java:580)
at org.testng.internal.Invoker.invokeTestMethod(Invoker.java:716)
at org.testng.internal.Invoker.invokeTestMethods(Invoker.java:988)
at org.testng.internal.TestMethodWorker.invokeTestMethods(TestMethodWorker.java:125)
at org.testng.internal.TestMethodWorker.run(TestMethodWorker.java:109)
at org.testng.TestRunner.privateRun(TestRunner.java:648)
at org.testng.TestRunner.run(TestRunner.java:505)
at org.testng.SuiteRunner.runTest(SuiteRunner.java:455)
at org.testng.SuiteRunner.runSequentially(SuiteRunner.java:450)
at org.testng.SuiteRunner.privateRun(SuiteRunner.java:415)
at org.testng.SuiteRunner.run(SuiteRunner.java:364)
at org.testng.SuiteRunnerWorker.runSuite(SuiteRunnerWorker.java:52)
at org.testng.SuiteRunnerWorker.run(SuiteRunnerWorker.java:84)
at org.testng.TestNG.runSuitesSequentially(TestNG.java:1208)
at org.testng.TestNG.runSuitesLocally(TestNG.java:1137)
at org.testng.TestNG.runSuites(TestNG.java:1049)
at org.testng.TestNG.run(TestNG.java:1017)
at org.testng.remote.AbstractRemoteTestNG.run(AbstractRemoteTestNG.java:114)
at org.testng.remote.RemoteTestNG.initAndRun(RemoteTestNG.java:251)
at org.testng.remote.RemoteTestNG.main(RemoteTestNG.java:77)
]]>
            </full-stacktrace>
          </exception> <!-- java.lang.AssertionError -->
          <reporter-output>
          </reporter-output>
        </test-method> <!-- gmailLogin -->
        <test-method is-config="true" signature="afterMethod()[pri:0, instance:test.MainTest@38102d01]" started-at="2018-12-27T19:32:37Z" name="afterMethod" finished-at="2018-12-27T19:32:37Z" duration-ms="163" status="PASS">
          <reporter-output>
          </reporter-output>
        </test-method> <!-- afterMethod -->
      </class> <!-- test.MainTest -->
    </test> <!-- Default test -->
  </suite> <!-- Default suite -->
</testng-results>
